  Controller.cpp
  DownAttack.cpp
C:\Users\Ian\Desktop\SFML Projects\Programming-Project\Platform Fighter Prototype\AB Prototype\AB Prototype\DownAttack.h(45,35): warning C4244: 'initializing': conversion from 'float' to 'const int', possible loss of data
  Game.cpp
C:\Users\Ian\Desktop\SFML Projects\Programming-Project\Platform Fighter Prototype\AB Prototype\AB Prototype\Player.h(60,39): warning C4244: 'initializing': conversion from 'float' to 'const int', possible loss of data
C:\Users\Ian\Desktop\SFML Projects\Programming-Project\Platform Fighter Prototype\AB Prototype\AB Prototype\DownAttack.h(45,35): warning C4244: 'initializing': conversion from 'float' to 'const int', possible loss of data
C:\Users\Ian\Desktop\SFML Projects\Programming-Project\Platform Fighter Prototype\AB Prototype\AB Prototype\NeutralAttack.h(23,27): warning C4244: 'initializing': conversion from 'float' to 'const int', possible loss of data
C:\Users\Ian\Desktop\SFML Projects\Programming-Project\Platform Fighter Prototype\AB Prototype\AB Prototype\NeutralAttack.h(52,35): warning C4244: 'initializing': conversion from 'float' to 'const int', possible loss of data
C:\Users\Ian\Desktop\SFML Projects\Programming-Project\Platform Fighter Prototype\AB Prototype\AB Prototype\SideAttack.h(23,27): warning C4244: 'initializing': conversion from 'float' to 'const int', possible loss of data
C:\Users\Ian\Desktop\SFML Projects\Programming-Project\Platform Fighter Prototype\AB Prototype\AB Prototype\SideAttack.h(48,35): warning C4244: 'initializing': conversion from 'float' to 'const int', possible loss of data
C:\Users\Ian\Desktop\SFML Projects\Programming-Project\Platform Fighter Prototype\AB Prototype\AB Prototype\UpAttack.h(22,27): warning C4244: 'initializing': conversion from 'float' to 'const int', possible loss of data
C:\Users\Ian\Desktop\SFML Projects\Programming-Project\Platform Fighter Prototype\AB Prototype\AB Prototype\UpAttack.h(44,35): warning C4244: 'initializing': conversion from 'float' to 'const int', possible loss of data
C:\Users\Ian\Desktop\SFML Projects\Programming-Project\Platform Fighter Prototype\AB Prototype\AB Prototype\Game.cpp(414,34): warning C4244: '=': conversion from 'int' to 'float', possible loss of data
C:\Users\Ian\Desktop\SFML Projects\Programming-Project\Platform Fighter Prototype\AB Prototype\AB Prototype\Game.cpp(415,21): warning C4244: 'argument': conversion from 'float' to 'int', possible loss of data
  main.cpp
C:\Users\Ian\Desktop\SFML Projects\Programming-Project\Platform Fighter Prototype\AB Prototype\AB Prototype\Player.h(60,39): warning C4244: 'initializing': conversion from 'float' to 'const int', possible loss of data
C:\Users\Ian\Desktop\SFML Projects\Programming-Project\Platform Fighter Prototype\AB Prototype\AB Prototype\DownAttack.h(45,35): warning C4244: 'initializing': conversion from 'float' to 'const int', possible loss of data
C:\Users\Ian\Desktop\SFML Projects\Programming-Project\Platform Fighter Prototype\AB Prototype\AB Prototype\NeutralAttack.h(23,27): warning C4244: 'initializing': conversion from 'float' to 'const int', possible loss of data
C:\Users\Ian\Desktop\SFML Projects\Programming-Project\Platform Fighter Prototype\AB Prototype\AB Prototype\NeutralAttack.h(52,35): warning C4244: 'initializing': conversion from 'float' to 'const int', possible loss of data
C:\Users\Ian\Desktop\SFML Projects\Programming-Project\Platform Fighter Prototype\AB Prototype\AB Prototype\SideAttack.h(23,27): warning C4244: 'initializing': conversion from 'float' to 'const int', possible loss of data
C:\Users\Ian\Desktop\SFML Projects\Programming-Project\Platform Fighter Prototype\AB Prototype\AB Prototype\SideAttack.h(48,35): warning C4244: 'initializing': conversion from 'float' to 'const int', possible loss of data
C:\Users\Ian\Desktop\SFML Projects\Programming-Project\Platform Fighter Prototype\AB Prototype\AB Prototype\UpAttack.h(22,27): warning C4244: 'initializing': conversion from 'float' to 'const int', possible loss of data
C:\Users\Ian\Desktop\SFML Projects\Programming-Project\Platform Fighter Prototype\AB Prototype\AB Prototype\UpAttack.h(44,35): warning C4244: 'initializing': conversion from 'float' to 'const int', possible loss of data
  NeutralAttack.cpp
C:\Users\Ian\Desktop\SFML Projects\Programming-Project\Platform Fighter Prototype\AB Prototype\AB Prototype\NeutralAttack.h(23,27): warning C4244: 'initializing': conversion from 'float' to 'const int', possible loss of data
C:\Users\Ian\Desktop\SFML Projects\Programming-Project\Platform Fighter Prototype\AB Prototype\AB Prototype\NeutralAttack.h(52,35): warning C4244: 'initializing': conversion from 'float' to 'const int', possible loss of data
  Player.cpp
C:\Users\Ian\Desktop\SFML Projects\Programming-Project\Platform Fighter Prototype\AB Prototype\AB Prototype\Player.h(60,39): warning C4244: 'initializing': conversion from 'float' to 'const int', possible loss of data
  Sandbag.cpp
C:\Users\Ian\Desktop\SFML Projects\Programming-Project\Platform Fighter Prototype\AB Prototype\AB Prototype\Sandbag.cpp(136,40): warning C4244: '=': conversion from 'double' to 'float', possible loss of data
C:\Users\Ian\Desktop\SFML Projects\Programming-Project\Platform Fighter Prototype\AB Prototype\AB Prototype\Sandbag.cpp(140,9): warning C4244: 'return': conversion from 'float' to 'int', possible loss of data
  SideAttack.cpp
C:\Users\Ian\Desktop\SFML Projects\Programming-Project\Platform Fighter Prototype\AB Prototype\AB Prototype\SideAttack.h(23,27): warning C4244: 'initializing': conversion from 'float' to 'const int', possible loss of data
C:\Users\Ian\Desktop\SFML Projects\Programming-Project\Platform Fighter Prototype\AB Prototype\AB Prototype\SideAttack.h(48,35): warning C4244: 'initializing': conversion from 'float' to 'const int', possible loss of data
  UpAttack.cpp
C:\Users\Ian\Desktop\SFML Projects\Programming-Project\Platform Fighter Prototype\AB Prototype\AB Prototype\UpAttack.h(22,27): warning C4244: 'initializing': conversion from 'float' to 'const int', possible loss of data
C:\Users\Ian\Desktop\SFML Projects\Programming-Project\Platform Fighter Prototype\AB Prototype\AB Prototype\UpAttack.h(44,35): warning C4244: 'initializing': conversion from 'float' to 'const int', possible loss of data
  Generating Code...
  AB Prototype.vcxproj -> C:\Users\Ian\Desktop\SFML Projects\Programming-Project\Platform Fighter Prototype\AB Prototype\Debug\AB Prototype.exe
